#
#  Generated by ALIS on 17/10/16 at 01:00:57
#
#   Running Time (hrs)  = 0.000529
#   Initial Chi-Squared = 31.141372
#   Bestfit Chi-Squared = 3.749444
#   Degrees-of-Freedom  = 47
#   Num. of Iterations  = 11
#   Convergence Reason  = The relative reduction in the sum of squares is less than atol

run  ncpus     4
run  blind     False
run  nsubpix   100
chisq  atol      0.0001
chisq  xtol      0.0
chisq  ftol      0.0
chisq  gtol      0.0
out  model     True
out fits True
out  covar  QPQ9_zOIII_1548_covar.dat
plot  dims  1x1
plot  pages all
plot ticks True
plot ticklabels True
plot fits True
plot labels True

data read
  QPQ9_zOIII_1548.dat  resolution=vfwhm(0.217)  fitrange=[1500,1600]  columns=[wave:0,flux:1,error:2]  specid=1
data end

model read
 fix voigt temperature True
 emission
  constant   0.97841692        specid=1  
 absorption
  voigt   ion=12C_IV   0.9801744      -0.0055605776      14.485083      0.0000000TA            specid=1    
  voigt   ion=12C_IV   13.8253053      3.3149009494E-04  165.734652      0.0000000TA            specid=1    
  voigt   ion=12C_IV   13.9664324      0.0017120961      192.635566      0.0000000TA            specid=1    
  voigt   ion=12C_IV   -4.9513730      0.0067932017      10.749701      0.0000000TA            specid=1    
model end

#
# Errors:
#
#emission
# constant   0.01465212        specid=1  
#absorption
# voigt   ion=12C_IV   0.0000000      741250.2174020578      0.000000      0.0000000TA            specid=1    
# voigt   ion=12C_IV   0.3594250      3.6369492977E-04  164.381367      0.0000000TA            specid=1    
# voigt   ion=12C_IV   0.2728108      0.0003442373      147.817064      0.0000000TA            specid=1    
# voigt   ion=12C_IV   0.0000000      0.0000000000      0.000000      0.0000000TA            specid=1    

# Convolution Models:
#  vfwhm   0.217      
#
# Errors:
#
# vfwhm   0.000      

# Shift Models:
#  Ashift   0.0000000      
#
# Errors:
#
# Ashift   0.0000000      


###################################################
#                                                 #
#          HERE IS A COPY OF THE INPUT MODEL      #
#                                                 #
###################################################
#
#   run  ncpus     4
#   run  blind     False
#   run  nsubpix   100
#   chisq  atol      0.0001
#   chisq  xtol      0.0
#   chisq  ftol      0.0
#   chisq  gtol      0.0
#   out  model     True
#   out fits True
#   out  covar  QPQ9_zOIII_1548_covar.dat
#   plot  dims  1x1
#   plot  pages all
#   plot ticks True
#   plot ticklabels True
#   plot fits True
#   plot labels True
#   data read
#     QPQ9_zOIII_1548.dat  resolution=vfwhm(200) fitrange=[1500,1600] columns=[wave:0,flux:1,error:2]  specid=1
#   data end
#   model read
#   	fix	voigt	temperature	True
#   	emission
#                   constant        1.0    specid=1
#   	absorption
#                   voigt  ion=12C_IV    12.0  -0.00665   300.0    0.0e+04TA  specid=1
#                   voigt  ion=12C_IV    13.0   0         300.0    0.0e+04TA  specid=1
#                   voigt  ion=12C_IV    14.0   0.00167   300.0    0.0e+04TA  specid=1
#                   voigt  ion=12C_IV    12.0   0.00669   300.0    0.0e+04TA  specid=1
#   model end
#

