#
#  Generated by ALIS on 16/10/16 at 23:18:47
#
#   Running Time (hrs)  = 0.000388
#   Initial Chi-Squared = 1011.399779
#   Bestfit Chi-Squared = 1.824832
#   Degrees-of-Freedom  = 58
#   Num. of Iterations  = 8
#   Convergence Reason  = The relative reduction in the sum of squares is less than atol

run  ncpus     4
run  blind     False
run  nsubpix   100
chisq  atol      0.0001
chisq  xtol      0.0
chisq  ftol      0.0
chisq  gtol      0.0
out  model     True
out fits True
out  covar  QPQ9_zIRMgII_1334_covar.dat
plot  dims  1x1
plot  pages all
plot ticks True
plot ticklabels True
plot fits True
plot labels True

data read
  QPQ9_zIRMgII_1334.dat  resolution=vfwhm(4.933E-04)  fitrange=[1300,1400]  columns=[wave:0,flux:1,error:2]  specid=1
data end

model read
 fix voigt temperature True
 emission
  constant   0.96395954CNS        specid=1  
 absorption
  voigt   ion=12C_II   14.4131365      5.4330221038E-04  574.561620B      0.0000000TA            specid=1    
model end

#
# Errors:
#
#emission
# constant   0.00000000CNS        specid=1  
#absorption
# voigt   ion=12C_II   0.1603690      6.8779085057E-04  0.000000B      0.0000000TA            specid=1    

# Convolution Models:
#  vfwhm   4.933E-04  
#
# Errors:
#
# vfwhm   0.000E+00  

# Shift Models:
#  Ashift   0.0000000      
#
# Errors:
#
# Ashift   0.0000000      


###################################################
#                                                 #
#          HERE IS A COPY OF THE INPUT MODEL      #
#                                                 #
###################################################
#
#   run  ncpus     4
#   run  blind     False
#   run  nsubpix   100
#   chisq  atol      0.0001
#   chisq  xtol      0.0
#   chisq  ftol      0.0
#   chisq  gtol      0.0
#   out  model     True
#   out fits True
#   out  covar  QPQ9_zIRMgII_1334_covar.dat
#   plot  dims  1x1
#   plot  pages all
#   plot ticks True
#   plot ticklabels True
#   plot fits True
#   plot labels True
#   data read
#     QPQ9_zIRMgII_1334.dat  resolution=vfwhm(200) fitrange=[1300,1400] columns=[wave:0,flux:1,error:2]  specid=1
#   data end
#   model read
#   	fix	voigt	temperature	True
#   	emission
#                   constant         0.96395954CNS  specid=1 
#   	absorption
#                   voigt  ion=12C_II    16.0   0   574.561620B   0.0e+04TA  specid=1
#   model end
#

